Build started 8/19/2014 3:46:47 PM.
     1>Project "C:\Users\l639\Desktop\SP3-Git - Copy\DM2231_Lab2_MVC\DM2231_Lab2\DM2231_Lab2.vcxproj" on node 2 (build target(s)).
     1>InitializeBuildStatus:
         Creating "Debug\DM2231_Lab2.unsuccessfulbuild" because "AlwaysCreate" was specified.
       ClCompile:
         c:\Program Files (x86)\Microsoft Visual Studio 10.0\VC\bin\CL.exe /c /ZI /nologo /W3 /WX- /Od /Oy- /D WIN32 /D _DEBUG /D _CONSOLE /D _MBCS /Gm /EHsc /RTC1 /MDd /GS /fp:precise /Zc:wchar_t /Zc:forScope /Fo"Debug\\" /Fd"Debug\vc100.pdb" /Gd /TP /analyze- /errorReport:prompt DM2231_Controller.cpp DM2231_Model.cpp DM2231_View.cpp Map.cpp main.cpp
         Map.cpp
     1>c:\users\l639\desktop\sp3-git - copy\dm2231_lab2_mvc\dm2231_lab2\map.cpp(157): warning C4244: 'argument' : conversion from 'int' to 'GLfloat', possible loss of data
     1>c:\users\l639\desktop\sp3-git - copy\dm2231_lab2_mvc\dm2231_lab2\map.cpp(157): warning C4244: 'argument' : conversion from 'int' to 'GLfloat', possible loss of data
         DM2231_View.cpp
         Generating Code...
         Skipping... (no relevant changes detected)
         main.cpp
         DM2231_Model.cpp
         DM2231_Controller.cpp
       ManifestResourceCompile:
         All outputs are up-to-date.
       Link:
         c:\Program Files (x86)\Microsoft Visual Studio 10.0\VC\bin\link.exe /ERRORREPORT:PROMPT /OUT:"C:\Users\l639\Desktop\SP3-Git - Copy\DM2231_Lab2_MVC\Debug\DM2231_Lab2.exe" /INCREMENTAL /NOLOGO opengl32.lib glu32.lib kernel32.lib user32.lib gdi32.lib winspool.lib comdlg32.lib advapi32.lib shell32.lib ole32.lib oleaut32.lib uuid.lib odbc32.lib odbccp32.lib /MANIFEST /ManifestFile:"Debug\DM2231_Lab2.exe.intermediate.manifest" /MANIFESTUAC:"level='asInvoker' uiAccess='false'" /DEBUG /PDB:"C:\Users\l639\Desktop\SP3-Git - Copy\DM2231_Lab2_MVC\Debug\DM2231_Lab2.pdb" /SUBSYSTEM:CONSOLE /TLBID:1 /DYNAMICBASE /NXCOMPAT /IMPLIB:"C:\Users\l639\Desktop\SP3-Git - Copy\DM2231_Lab2_MVC\Debug\DM2231_Lab2.lib" /MACHINE:X86 Debug\DM2231_Lab2.exe.embed.manifest.res
         Debug\DM2231_Controller.obj
         Debug\DM2231_Model.obj
         Debug\DM2231_View.obj
         Debug\Entities.obj
         Debug\main.obj
         Debug\Map.obj
         Debug\Mouse.obj
         Debug\Ortho2D.obj
         Debug\PlayerInfo.obj
         Debug\State.obj
       Manifest:
         C:\Program Files (x86)\Microsoft SDKs\Windows\v7.0A\bin\mt.exe /nologo /verbose /out:"Debug\DM2231_Lab2.exe.embed.manifest" /manifest Debug\DM2231_Lab2.exe.intermediate.manifest
         All outputs are up-to-date.
       LinkEmbedManifest:
         All outputs are up-to-date.
         DM2231_Lab2.vcxproj -> C:\Users\l639\Desktop\SP3-Git - Copy\DM2231_Lab2_MVC\Debug\DM2231_Lab2.exe
       FinalizeBuildStatus:
         Deleting file "Debug\DM2231_Lab2.unsuccessfulbuild".
         Touching "Debug\DM2231_Lab2.lastbuildstate".
     1>Done Building Project "C:\Users\l639\Desktop\SP3-Git - Copy\DM2231_Lab2_MVC\DM2231_Lab2\DM2231_Lab2.vcxproj" (build target(s)).

Build succeeded.

Time Elapsed 00:00:05.54
