C:\USERS\L639\DESKTOP\SP3-GIT - COPY\DM2231_LAB2_MVC\DEBUG\DM2231_LAB2.EXE
C:\USERS\L639\DESKTOP\SP3-GIT - COPY\DM2231_LAB2_MVC\DEBUG\DM2231_LAB2.ILK
C:\USERS\L639\DESKTOP\SP3-GIT - COPY\DM2231_LAB2_MVC\DEBUG\DM2231_LAB2.PDB
C:\Users\l639\Desktop\SP3-Git - Copy\DM2231_Lab2_MVC\DM2231_Lab2\Debug\cl.command.1.tlog
C:\Users\l639\Desktop\SP3-Git - Copy\DM2231_Lab2_MVC\DM2231_Lab2\Debug\CL.read.1.tlog
C:\Users\l639\Desktop\SP3-Git - Copy\DM2231_Lab2_MVC\DM2231_Lab2\Debug\CL.write.1.tlog
C:\USERS\L639\DESKTOP\SP3-GIT - COPY\DM2231_LAB2_MVC\DM2231_LAB2\DEBUG\DM2231_CONTROLLER.OBJ
C:\Users\l639\Desktop\SP3-Git - Copy\DM2231_Lab2_MVC\DM2231_Lab2\Debug\DM2231_Lab2.exe.embed.manifest
C:\USERS\L639\DESKTOP\SP3-GIT - COPY\DM2231_LAB2_MVC\DM2231_LAB2\DEBUG\DM2231_LAB2.EXE.EMBED.MANIFEST.RES
C:\USERS\L639\DESKTOP\SP3-GIT - COPY\DM2231_LAB2_MVC\DM2231_LAB2\DEBUG\DM2231_LAB2.EXE.INTERMEDIATE.MANIFEST
C:\Users\l639\Desktop\SP3-Git - Copy\DM2231_Lab2_MVC\DM2231_Lab2\Debug\DM2231_Lab2.vcxprojResolveAssemblyReference.cache
C:\Users\l639\Desktop\SP3-Git - Copy\DM2231_Lab2_MVC\DM2231_Lab2\Debug\DM2231_Lab2.write.1.tlog
C:\Users\l639\Desktop\SP3-Git - Copy\DM2231_Lab2_MVC\DM2231_Lab2\Debug\DM2231_Lab2_manifest.rc
C:\USERS\L639\DESKTOP\SP3-GIT - COPY\DM2231_LAB2_MVC\DM2231_LAB2\DEBUG\DM2231_MODEL.OBJ
C:\USERS\L639\DESKTOP\SP3-GIT - COPY\DM2231_LAB2_MVC\DM2231_LAB2\DEBUG\DM2231_VIEW.OBJ
C:\USERS\L639\DESKTOP\SP3-GIT - COPY\DM2231_LAB2_MVC\DM2231_LAB2\DEBUG\ENTITIES.OBJ
C:\Users\l639\Desktop\SP3-Git - Copy\DM2231_Lab2_MVC\DM2231_Lab2\Debug\link.command.1.tlog
C:\Users\l639\Desktop\SP3-Git - Copy\DM2231_Lab2_MVC\DM2231_Lab2\Debug\link.read.1.tlog
C:\Users\l639\Desktop\SP3-Git - Copy\DM2231_Lab2_MVC\DM2231_Lab2\Debug\link.write.1.tlog
C:\Users\l639\Desktop\SP3-Git - Copy\DM2231_Lab2_MVC\DM2231_Lab2\Debug\link-cvtres.read.1.tlog
C:\Users\l639\Desktop\SP3-Git - Copy\DM2231_Lab2_MVC\DM2231_Lab2\Debug\link-cvtres.write.1.tlog
C:\USERS\L639\DESKTOP\SP3-GIT - COPY\DM2231_LAB2_MVC\DM2231_LAB2\DEBUG\MAIN.OBJ
C:\USERS\L639\DESKTOP\SP3-GIT - COPY\DM2231_LAB2_MVC\DM2231_LAB2\DEBUG\MAP.OBJ
C:\USERS\L639\DESKTOP\SP3-GIT - COPY\DM2231_LAB2_MVC\DM2231_LAB2\DEBUG\MOUSE.OBJ
C:\Users\l639\Desktop\SP3-Git - Copy\DM2231_Lab2_MVC\DM2231_Lab2\Debug\mt.command.1.tlog
C:\Users\l639\Desktop\SP3-Git - Copy\DM2231_Lab2_MVC\DM2231_Lab2\Debug\mt.read.1.tlog
C:\Users\l639\Desktop\SP3-Git - Copy\DM2231_Lab2_MVC\DM2231_Lab2\Debug\mt.write.1.tlog
C:\USERS\L639\DESKTOP\SP3-GIT - COPY\DM2231_LAB2_MVC\DM2231_LAB2\DEBUG\PLAYERINFO.OBJ
C:\Users\l639\Desktop\SP3-Git - Copy\DM2231_Lab2_MVC\DM2231_Lab2\Debug\rc.command.1.tlog
C:\Users\l639\Desktop\SP3-Git - Copy\DM2231_Lab2_MVC\DM2231_Lab2\Debug\rc.read.1.tlog
C:\Users\l639\Desktop\SP3-Git - Copy\DM2231_Lab2_MVC\DM2231_Lab2\Debug\rc.write.1.tlog
C:\Users\l639\Desktop\SP3-Git - Copy\DM2231_Lab2_MVC\DM2231_Lab2\Debug\vc100.idb
C:\USERS\L639\DESKTOP\SP3-GIT - COPY\DM2231_LAB2_MVC\DM2231_LAB2\DEBUG\VC100.PDB
C:\Users\l639\Desktop\SP3-Git - Copy\DM2231_Lab2_MVC\DM2231_Lab2\Debug\vc90.idb
C:\Users\l639\Desktop\SP3-Git - Copy\DM2231_Lab2_MVC\DM2231_Lab2\Debug\vc90.pdb
C:\USERS\L639\DESKTOP\SP3-GIT\DM2231_LAB2_MVC\DEBUG\DM2231_LAB2.EXE
C:\USERS\L639\DESKTOP\SP3-GIT\DM2231_LAB2_MVC\DEBUG\DM2231_LAB2.ILK
C:\USERS\L639\DESKTOP\SP3-GIT\DM2231_LAB2_MVC\DEBUG\DM2231_LAB2.PDB
C:\USERS\L639\DESKTOP\SP3-GIT\DM2231_LAB2_MVC\DM2231_LAB2\DEBUG\DM2231_CONTROLLER.OBJ
C:\USERS\L639\DESKTOP\SP3-GIT\DM2231_LAB2_MVC\DM2231_LAB2\DEBUG\DM2231_LAB2.EXE.EMBED.MANIFEST.RES
C:\USERS\L639\DESKTOP\SP3-GIT\DM2231_LAB2_MVC\DM2231_LAB2\DEBUG\DM2231_LAB2.EXE.INTERMEDIATE.MANIFEST
C:\USERS\L639\DESKTOP\SP3-GIT\DM2231_LAB2_MVC\DM2231_LAB2\DEBUG\DM2231_MODEL.OBJ
C:\USERS\L639\DESKTOP\SP3-GIT\DM2231_LAB2_MVC\DM2231_LAB2\DEBUG\DM2231_VIEW.OBJ
C:\USERS\L639\DESKTOP\SP3-GIT\DM2231_LAB2_MVC\DM2231_LAB2\DEBUG\MAIN.OBJ
C:\USERS\L639\DESKTOP\SP3-GIT\DM2231_LAB2_MVC\DM2231_LAB2\DEBUG\MOUSE.OBJ
C:\USERS\L639\DESKTOP\SP3-GIT\DM2231_LAB2_MVC\DM2231_LAB2\DEBUG\VC100.PDB
